<?xml version="1.0" encoding="UTF-8"?>
<testng-results ignored="0" total="1" passed="1" failed="0" skipped="0">
  <reporter-output>
  </reporter-output>
  <suite started-at="2023-05-18T09:41:31 IST" name="Suite" finished-at="2023-05-18T09:41:31 IST" duration-ms="53">
    <groups>
    </groups>
    <test started-at="2023-05-18T09:41:31 IST" name="Test" finished-at="2023-05-18T09:41:31 IST" duration-ms="53">
      <class name="CollectionOfRequest.JenkinsTestPom">
        <test-method signature="tc1()[pri:0, instance:CollectionOfRequest.JenkinsTestPom@537f60bf]" started-at="2023-05-18T09:41:31 IST" name="tc1" finished-at="2023-05-18T09:41:31 IST" duration-ms="7" status="PASS">
          <reporter-output>
          </reporter-output>
        </test-method> <!-- tc1 -->
      </class> <!-- CollectionOfRequest.JenkinsTestPom -->
    </test> <!-- Test -->
  </suite> <!-- Suite -->
</testng-results>
